2025-06-14 18:00:53,312 - INFO - Starting complete parameter grid search analysis
2025-06-14 18:00:53,312 - INFO - Starting parameter grid search...
2025-06-14 18:00:53,312 - INFO - Generating datasets for grid search...
2025-06-14 18:00:53,312 - INFO - Generating dataset instance 1/2
2025-06-14 18:00:53,312 - ERROR - Analysis failed: generate() got an unexpected keyword argument 'n_samples'
2025-06-14 18:00:53,312 - ERROR - Analysis failed: generate() got an unexpected keyword argument 'n_samples'
2025-06-14 18:01:14,217 - INFO - Starting complete parameter grid search analysis
2025-06-14 18:01:14,217 - INFO - Starting parameter grid search...
2025-06-14 18:01:14,217 - INFO - Generating datasets for grid search...
2025-06-14 18:01:14,217 - INFO - Generating dataset instance 1/2
2025-06-14 18:01:28,176 - INFO - Generating dataset instance 2/2
2025-06-14 18:01:41,709 - INFO - Generated 2 valid datasets
2025-06-14 18:01:41,710 - INFO - Testing 3 k-values × 3 edge lengths × 2 datasets = 18 combinations
2025-06-14 18:01:41,710 - INFO - Testing k=5, max_edge_length=2
2025-06-14 18:02:03,117 - INFO - Testing k=5, max_edge_length=3
2025-06-14 18:02:24,773 - INFO - Testing k=5, max_edge_length=4
2025-06-14 18:02:35,851 - INFO - Progress: 27.8% (5/18)
2025-06-14 18:02:46,923 - INFO - Testing k=10, max_edge_length=2
2025-06-14 18:03:08,883 - INFO - Testing k=10, max_edge_length=3
2025-06-14 18:03:44,414 - INFO - Generating datasets for grid search...
2025-06-14 18:03:44,414 - INFO - Generating dataset instance 1/2
2025-06-14 18:03:55,418 - INFO - Generating dataset instance 2/2
2025-06-14 18:04:06,103 - INFO - Generated 2 valid datasets
2025-06-14 18:08:08,312 - INFO - Starting complete parameter grid search analysis
2025-06-14 18:08:08,312 - INFO - Starting parameter grid search...
2025-06-14 18:08:08,312 - INFO - Generating datasets for grid search...
2025-06-14 18:08:08,312 - INFO - Generating dataset instance 1/2
2025-06-14 18:08:08,371 - INFO - Generating dataset instance 2/2
2025-06-14 18:08:08,409 - INFO - Generated 2 valid datasets
2025-06-14 18:08:08,409 - INFO - Testing 3 k-values × 3 edge lengths × 2 datasets = 18 combinations
2025-06-14 18:08:08,409 - INFO - Testing k=5, max_edge_length=2
2025-06-14 18:08:14,657 - INFO - Testing k=5, max_edge_length=3
2025-06-14 18:08:20,903 - INFO - Testing k=5, max_edge_length=4
2025-06-14 18:08:24,111 - INFO - Progress: 27.8% (5/18)
2025-06-14 18:08:27,343 - INFO - Testing k=10, max_edge_length=2
2025-06-14 18:08:33,752 - INFO - Testing k=10, max_edge_length=3
2025-06-14 18:08:40,940 - INFO - Progress: 55.6% (10/18)
2025-06-14 18:08:40,940 - INFO - Testing k=10, max_edge_length=4
2025-06-14 18:08:52,323 - INFO - Testing k=15, max_edge_length=2
2025-06-14 18:08:58,999 - INFO - Testing k=15, max_edge_length=3
2025-06-14 18:09:04,575 - INFO - Progress: 83.3% (15/18)
2025-06-14 18:09:10,186 - INFO - Testing k=15, max_edge_length=4
2025-06-14 18:09:26,359 - INFO - Grid search completed successfully!
2025-06-14 18:09:26,360 - INFO - Computing summary statistics...
2025-06-14 18:09:26,361 - INFO - Computed summary statistics for 9 parameter combinations
2025-06-14 18:09:26,361 - INFO - Generating visualizations...
2025-06-14 18:09:27,040 - INFO - Saved Betti heatmaps to results/parameter_search/plots/betti_heatmaps.png
2025-06-14 18:09:27,580 - INFO - Saved stability plots to results/parameter_search/plots/stability_plots.png
2025-06-14 18:09:28,013 - INFO - Saved connectivity plots to results/parameter_search/plots/connectivity_plots.png
2025-06-14 18:09:28,947 - INFO - Saved sensitivity plots to results/parameter_search/plots/sensitivity_plots.png
2025-06-14 18:09:29,417 - INFO - Saved timing plots to results/parameter_search/plots/timing_plots.png
2025-06-14 18:09:29,418 - INFO - Creating combined PDF report...
2025-06-14 18:09:29,958 - INFO - Saved Betti heatmaps to results/parameter_search/plots/betti_heatmaps.png
2025-06-14 18:09:30,490 - INFO - Saved stability plots to results/parameter_search/plots/stability_plots.png
2025-06-14 18:09:30,931 - INFO - Saved connectivity plots to results/parameter_search/plots/connectivity_plots.png
2025-06-14 18:09:31,863 - INFO - Saved sensitivity plots to results/parameter_search/plots/sensitivity_plots.png
2025-06-14 18:09:32,291 - INFO - Saved timing plots to results/parameter_search/plots/timing_plots.png
2025-06-14 18:09:32,298 - INFO - Saved combined report to results/parameter_search/parameter_search_report.pdf
2025-06-14 18:09:32,298 - INFO - Generating parameter recommendations...
2025-06-14 18:09:32,298 - INFO - Generated 0 parameter recommendations
2025-06-14 18:09:32,298 - INFO - Saving results...
2025-06-14 18:09:32,299 - INFO - Saved raw results to results/parameter_search/data/raw_results.pt
2025-06-14 18:09:32,300 - INFO - Saved summary statistics to results/parameter_search/data/summary_statistics.pkl
2025-06-14 18:09:32,300 - INFO - Saved recommendations to results/parameter_search/data/recommendations.yaml
2025-06-14 18:09:32,300 - INFO - Complete analysis finished in 83.99 seconds
2025-06-14 18:12:29,929 - INFO - Generating datasets for grid search...
2025-06-14 18:12:29,929 - INFO - Generating dataset instance 1/2
2025-06-14 18:12:29,977 - INFO - Generating dataset instance 2/2
2025-06-14 18:12:30,025 - INFO - Generated 2 valid datasets
2025-06-14 18:12:40,396 - INFO - Starting complete parameter grid search analysis
2025-06-14 18:12:40,396 - INFO - Starting parameter grid search...
2025-06-14 18:12:40,396 - INFO - Generating datasets for grid search...
2025-06-14 18:12:40,396 - INFO - Generating dataset instance 1/2
2025-06-14 18:12:40,438 - INFO - Generating dataset instance 2/2
2025-06-14 18:12:40,477 - INFO - Generated 2 valid datasets
2025-06-14 18:12:40,477 - INFO - Testing 3 k-values × 3 edge lengths × 2 datasets = 18 combinations
2025-06-14 18:12:40,477 - INFO - Testing k=5, max_edge_length=2
2025-06-14 18:12:40,569 - INFO - Testing k=5, max_edge_length=3
2025-06-14 18:12:40,647 - INFO - Testing k=5, max_edge_length=4
2025-06-14 18:12:40,685 - INFO - Progress: 27.8% (5/18)
2025-06-14 18:12:40,725 - INFO - Testing k=10, max_edge_length=2
2025-06-14 18:12:40,802 - INFO - Testing k=10, max_edge_length=3
2025-06-14 18:12:40,880 - INFO - Progress: 55.6% (10/18)
2025-06-14 18:12:40,880 - INFO - Testing k=10, max_edge_length=4
2025-06-14 18:12:40,962 - INFO - Testing k=15, max_edge_length=2
2025-06-14 18:12:41,049 - INFO - Testing k=15, max_edge_length=3
2025-06-14 18:12:41,102 - INFO - Progress: 83.3% (15/18)
2025-06-14 18:12:41,159 - INFO - Testing k=15, max_edge_length=4
2025-06-14 18:12:41,281 - INFO - Grid search completed successfully!
2025-06-14 18:12:41,281 - INFO - Computing summary statistics...
2025-06-14 18:12:41,282 - INFO - Computed summary statistics for 9 parameter combinations
2025-06-14 18:12:41,282 - INFO - Generating visualizations...
2025-06-14 18:12:41,949 - INFO - Saved Betti heatmaps to results/parameter_search/plots/betti_heatmaps.png
2025-06-14 18:12:42,477 - INFO - Saved stability plots to results/parameter_search/plots/stability_plots.png
2025-06-14 18:12:42,911 - INFO - Saved connectivity plots to results/parameter_search/plots/connectivity_plots.png
2025-06-14 18:12:43,884 - INFO - Saved sensitivity plots to results/parameter_search/plots/sensitivity_plots.png
2025-06-14 18:12:44,331 - INFO - Saved timing plots to results/parameter_search/plots/timing_plots.png
2025-06-14 18:12:44,332 - INFO - Creating combined PDF report...
2025-06-14 18:12:44,900 - INFO - Saved Betti heatmaps to results/parameter_search/plots/betti_heatmaps.png
2025-06-14 18:12:45,429 - INFO - Saved stability plots to results/parameter_search/plots/stability_plots.png
2025-06-14 18:12:45,860 - INFO - Saved connectivity plots to results/parameter_search/plots/connectivity_plots.png
2025-06-14 18:12:46,824 - INFO - Saved sensitivity plots to results/parameter_search/plots/sensitivity_plots.png
2025-06-14 18:12:47,278 - INFO - Saved timing plots to results/parameter_search/plots/timing_plots.png
2025-06-14 18:12:47,286 - INFO - Saved combined report to results/parameter_search/parameter_search_report.pdf
2025-06-14 18:12:47,286 - INFO - Generating parameter recommendations...
2025-06-14 18:12:47,287 - INFO - Generated 5 parameter recommendations
2025-06-14 18:12:47,287 - INFO - Saving results...
2025-06-14 18:12:47,288 - INFO - Saved raw results to results/parameter_search/data/raw_results.pt
2025-06-14 18:12:47,288 - INFO - Saved summary statistics to results/parameter_search/data/summary_statistics.pkl
2025-06-14 18:12:47,288 - ERROR - Analysis failed: ('cannot represent an object', np.float64(0.8614567108626549))
2025-06-14 18:12:47,288 - ERROR - Analysis failed: ('cannot represent an object', np.float64(0.8614567108626549))
2025-06-14 18:16:18,142 - INFO - Starting complete parameter grid search analysis
2025-06-14 18:16:18,142 - INFO - Starting parameter grid search...
2025-06-14 18:16:18,142 - INFO - Generating datasets for grid search...
2025-06-14 18:16:18,142 - INFO - Generating dataset instance 1/2
2025-06-14 18:16:24,295 - INFO - Generating dataset instance 2/2
2025-06-14 18:16:30,258 - INFO - Generated 2 valid datasets
2025-06-14 18:16:30,258 - INFO - Testing 6 k-values × 6 edge lengths × 2 datasets = 72 combinations
2025-06-14 18:16:30,258 - INFO - Testing k=3, max_edge_length=2
2025-06-14 18:16:50,750 - INFO - Testing k=3, max_edge_length=3
2025-06-14 18:17:12,005 - INFO - Testing k=3, max_edge_length=4
2025-06-14 18:17:22,516 - INFO - Analysis interrupted by user
2025-06-14 18:17:35,164 - INFO - Starting complete parameter grid search analysis
2025-06-14 18:17:35,164 - INFO - Starting parameter grid search...
2025-06-14 18:17:35,164 - INFO - Generating datasets for grid search...
2025-06-14 18:17:35,164 - INFO - Generating dataset instance 1/2
2025-06-14 18:17:41,411 - INFO - Generating dataset instance 2/2
2025-06-14 18:17:47,406 - INFO - Generated 2 valid datasets
2025-06-14 18:17:47,406 - INFO - Testing 6 k-values × 4 edge lengths × 2 datasets = 48 combinations
2025-06-14 18:17:47,406 - INFO - Testing k=3, max_edge_length=2
2025-06-14 18:18:08,152 - INFO - Testing k=3, max_edge_length=3
2025-06-14 18:18:29,004 - INFO - Testing k=3, max_edge_length=4
2025-06-14 18:18:39,668 - INFO - Progress: 10.4% (5/48)
2025-06-14 18:18:50,281 - INFO - Testing k=3, max_edge_length=5
2025-06-14 18:19:12,173 - INFO - Testing k=6, max_edge_length=2
2025-06-14 18:19:33,580 - INFO - Progress: 20.8% (10/48)
2025-06-14 18:19:33,580 - INFO - Testing k=6, max_edge_length=3
2025-06-14 18:19:55,087 - INFO - Testing k=6, max_edge_length=4
2025-06-14 18:20:17,285 - INFO - Testing k=6, max_edge_length=5
2025-06-14 18:20:29,070 - INFO - Progress: 31.2% (15/48)
2025-06-14 18:20:40,919 - INFO - Testing k=9, max_edge_length=2
2025-06-14 18:21:02,118 - INFO - Testing k=9, max_edge_length=3
2025-06-14 18:21:24,345 - INFO - Progress: 41.7% (20/48)
2025-06-14 18:21:24,346 - INFO - Testing k=9, max_edge_length=4
2025-06-14 18:21:48,849 - INFO - Testing k=9, max_edge_length=5
2025-06-14 18:23:14,422 - INFO - Testing k=12, max_edge_length=2
2025-06-14 18:23:25,283 - INFO - Progress: 52.1% (25/48)
2025-06-14 18:23:36,005 - INFO - Testing k=12, max_edge_length=3
2025-06-14 18:23:59,070 - INFO - Testing k=12, max_edge_length=4
2025-06-14 18:25:05,819 - INFO - Progress: 62.5% (30/48)
2025-06-14 18:25:05,819 - INFO - Testing k=12, max_edge_length=5
2025-06-14 18:40:12,656 - INFO - Starting complete parameter grid search analysis
2025-06-14 18:40:12,656 - INFO - Starting parameter grid search...
2025-06-14 18:40:12,656 - INFO - Generating datasets for grid search...
2025-06-14 18:40:12,656 - INFO - Generating dataset instance 1/2
2025-06-14 18:40:29,605 - INFO - Generating dataset instance 2/2
2025-06-14 18:40:44,789 - INFO - Generated 2 valid datasets
2025-06-14 18:40:44,789 - INFO - Testing 5 k-values × 4 edge lengths × 2 datasets = 40 combinations
2025-06-14 18:40:44,789 - INFO - Testing k=3, max_edge_length=2
2025-06-14 18:41:05,338 - INFO - Testing k=3, max_edge_length=3
2025-06-14 18:41:26,490 - INFO - Testing k=3, max_edge_length=4
2025-06-14 18:41:37,016 - INFO - Progress: 12.5% (5/40)
2025-06-14 18:41:47,617 - INFO - Testing k=3, max_edge_length=5
2025-06-14 18:42:09,069 - INFO - Testing k=6, max_edge_length=2
2025-06-14 18:42:30,255 - INFO - Progress: 25.0% (10/40)
2025-06-14 18:42:30,255 - INFO - Testing k=6, max_edge_length=3
2025-06-14 18:42:51,595 - INFO - Testing k=6, max_edge_length=4
2025-06-14 18:43:13,699 - INFO - Testing k=6, max_edge_length=5
2025-06-14 18:43:25,489 - INFO - Progress: 37.5% (15/40)
2025-06-14 18:43:37,332 - INFO - Testing k=9, max_edge_length=2
2025-06-14 18:43:58,462 - INFO - Testing k=9, max_edge_length=3
2025-06-14 18:44:20,654 - INFO - Progress: 50.0% (20/40)
2025-06-14 18:44:20,654 - INFO - Testing k=9, max_edge_length=4
2025-06-14 18:44:45,242 - INFO - Testing k=9, max_edge_length=5
2025-06-14 18:46:08,461 - INFO - Testing k=12, max_edge_length=2
2025-06-14 18:46:19,224 - INFO - Progress: 62.5% (25/40)
2025-06-14 18:46:29,906 - INFO - Testing k=12, max_edge_length=3
2025-06-14 18:46:53,293 - INFO - Testing k=12, max_edge_length=4
2025-06-14 18:48:01,105 - INFO - Progress: 75.0% (30/40)
2025-06-14 18:48:01,105 - INFO - Testing k=12, max_edge_length=5
2025-06-14 18:53:50,501 - INFO - Starting complete parameter grid search analysis
2025-06-14 18:53:50,501 - INFO - Starting parameter grid search...
2025-06-14 18:53:50,501 - INFO - Generating datasets for grid search...
2025-06-14 18:53:50,501 - INFO - Generating dataset instance 1/2
2025-06-14 18:54:08,315 - INFO - Generating dataset instance 2/2
2025-06-14 18:54:20,768 - INFO - Generated 2 valid datasets
2025-06-14 18:54:20,768 - INFO - Testing 5 k-values × 3 edge lengths × 2 datasets = 30 combinations
2025-06-14 18:54:20,768 - INFO - Testing k=3, max_edge_length=2
2025-06-14 18:54:41,628 - INFO - Testing k=3, max_edge_length=3
2025-06-14 18:55:03,161 - INFO - Testing k=3, max_edge_length=4
2025-06-14 18:55:14,253 - INFO - Progress: 16.7% (5/30)
2025-06-14 18:55:24,935 - INFO - Testing k=6, max_edge_length=2
2025-06-14 18:55:46,288 - INFO - Testing k=6, max_edge_length=3
2025-06-14 18:56:07,878 - INFO - Progress: 33.3% (10/30)
2025-06-14 18:56:07,878 - INFO - Testing k=6, max_edge_length=4
2025-06-14 18:56:30,284 - INFO - Testing k=9, max_edge_length=2
2025-06-14 18:56:51,760 - INFO - Testing k=9, max_edge_length=3
2025-06-14 18:57:03,245 - INFO - Progress: 50.0% (15/30)
2025-06-14 18:57:14,674 - INFO - Testing k=9, max_edge_length=4
2025-06-14 18:57:39,596 - INFO - Testing k=12, max_edge_length=2
2025-06-14 18:58:01,450 - INFO - Progress: 66.7% (20/30)
2025-06-14 18:58:01,450 - INFO - Testing k=12, max_edge_length=3
2025-06-14 18:58:25,728 - INFO - Testing k=12, max_edge_length=4
2025-06-14 18:59:36,423 - INFO - Testing k=15, max_edge_length=2
2025-06-14 18:59:47,498 - INFO - Progress: 83.3% (25/30)
2025-06-14 18:59:58,523 - INFO - Testing k=15, max_edge_length=3
2025-06-14 19:00:24,618 - INFO - Testing k=15, max_edge_length=4
2025-06-14 19:04:59,988 - INFO - Progress: 100.0% (30/30)
2025-06-14 19:04:59,989 - INFO - Grid search completed successfully!
2025-06-14 19:04:59,989 - INFO - Computing summary statistics...
2025-06-14 19:04:59,990 - INFO - Computed summary statistics for 15 parameter combinations
2025-06-14 19:04:59,990 - INFO - Generating visualizations...
2025-06-14 19:05:00,671 - INFO - Saved Betti heatmaps to results/parameter_search/plots/betti_heatmaps.png
2025-06-14 19:05:01,208 - INFO - Saved stability plots to results/parameter_search/plots/stability_plots.png
2025-06-14 19:05:01,658 - INFO - Saved connectivity plots to results/parameter_search/plots/connectivity_plots.png
2025-06-14 19:05:02,640 - INFO - Saved sensitivity plots to results/parameter_search/plots/sensitivity_plots.png
2025-06-14 19:05:03,082 - INFO - Saved timing plots to results/parameter_search/plots/timing_plots.png
2025-06-14 19:05:03,082 - INFO - Creating combined PDF report...
2025-06-14 19:05:03,625 - INFO - Saved Betti heatmaps to results/parameter_search/plots/betti_heatmaps.png
2025-06-14 19:05:04,159 - INFO - Saved stability plots to results/parameter_search/plots/stability_plots.png
2025-06-14 19:05:04,608 - INFO - Saved connectivity plots to results/parameter_search/plots/connectivity_plots.png
2025-06-14 19:05:05,604 - INFO - Saved sensitivity plots to results/parameter_search/plots/sensitivity_plots.png
2025-06-14 19:05:06,054 - INFO - Saved timing plots to results/parameter_search/plots/timing_plots.png
2025-06-14 19:05:06,062 - INFO - Saved combined report to results/parameter_search/parameter_search_report.pdf
2025-06-14 19:05:06,062 - INFO - Generating parameter recommendations...
2025-06-14 19:05:06,062 - INFO - Generated 5 parameter recommendations
2025-06-14 19:05:06,062 - INFO - Saving results...
2025-06-14 19:05:06,064 - INFO - Saved raw results to results/parameter_search/data/raw_results.pt
2025-06-14 19:05:06,064 - INFO - Saved summary statistics to results/parameter_search/data/summary_statistics.pkl
2025-06-14 19:05:06,065 - INFO - Saved recommendations to results/parameter_search/data/recommendations.yaml
2025-06-14 19:05:06,065 - INFO - Complete analysis finished in 675.56 seconds
